<?xml version="1.0" encoding="UTF-8"?>
<testsuite xmlns:xsi="http://www.w3.org/2001/XMLSchema-instance" xsi:noNamespaceSchemaLocation="https://maven.apache.org/surefire/maven-surefire-plugin/xsd/surefire-test-report-3.0.xsd" version="3.0" name="tests.MotorbikeTypeTest" time="0.042" tests="11" errors="0" skipped="0" failures="0">
  <properties>
[...]
</properties>
  <testcase name="testToString(MotorbikeType, String)[1]" classname="tests.MotorbikeTypeTest" time="0.006"/>
  <testcase name="testToString(MotorbikeType, String)[2]" classname="tests.MotorbikeTypeTest" time="0.002"/>
  <testcase name="testToString(MotorbikeType, String)[3]" classname="tests.MotorbikeTypeTest" time="0.001"/>
  <testcase name="testToString(MotorbikeType, String)[4]" classname="tests.MotorbikeTypeTest" time="0.001"/>
  <testcase name="testToString(MotorbikeType, String)[5]" classname="tests.MotorbikeTypeTest" time="0.002"/>
  <testcase name="testGetFormattedValues" classname="tests.MotorbikeTypeTest" time="0.003"/>
  <testcase name="testFromString(String, MotorbikeType)[1]" classname="tests.MotorbikeTypeTest" time="0.002"/>
  <testcase name="testFromString(String, MotorbikeType)[2]" classname="tests.MotorbikeTypeTest" time="0.001"/>
  <testcase name="testFromString(String, MotorbikeType)[3]" classname="tests.MotorbikeTypeTest" time="0.001"/>
  <testcase name="testFromString(String, MotorbikeType)[4]" classname="tests.MotorbikeTypeTest" time="0.001"/>
  <testcase name="testFromString(String, MotorbikeType)[5]" classname="tests.MotorbikeTypeTest" time="0.0"/>
</testsuite>