<?xml version="1.0" encoding="UTF-8"?>
<testsuite xmlns:xsi="http://www.w3.org/2001/XMLSchema-instance" xsi:noNamespaceSchemaLocation="https://maven.apache.org/surefire/maven-surefire-plugin/xsd/surefire-test-report-3.0.xsd" version="3.0" name="tests.CatalogTest" time="0.103" tests="15" errors="0" skipped="0" failures="0">
  <properties>
[...]
</properties>
  <testcase name="testResultAddMotorbike" classname="tests.CatalogTest" time="0.017"/>
  <testcase name="testResultRemoveMotorbike" classname="tests.CatalogTest" time="0.0"/>
  <testcase name="testEditMotorbikeSimple(Motorbike, Motorbike, boolean)[1]" classname="tests.CatalogTest" time="0.016"/>
  <testcase name="testEditMotorbikeSimple(Motorbike, Motorbike, boolean)[2]" classname="tests.CatalogTest" time="0.0"/>
  <testcase name="testEditMotorbikeSimple(Motorbike, Motorbike, boolean)[3]" classname="tests.CatalogTest" time="0.001"/>
  <testcase name="testResultEditMotorbike" classname="tests.CatalogTest" time="0.0"/>
  <testcase name="testExceptionEditMotorbike" classname="tests.CatalogTest" time="0.0"/>
  <testcase name="testIsCatalogEmpty" classname="tests.CatalogTest" time="0.001"/>
  <testcase name="testExceptionAddMotorbike(Motorbike)[1]" classname="tests.CatalogTest" time="0.002"/>
  <testcase name="testExceptionAddMotorbike(Motorbike)[2]" classname="tests.CatalogTest" time="0.001"/>
  <testcase name="testRemoveMotorbike(Motorbike, boolean)[1]" classname="tests.CatalogTest" time="0.002"/>
  <testcase name="testRemoveMotorbike(Motorbike, boolean)[2]" classname="tests.CatalogTest" time="0.001"/>
  <testcase name="testClearCatalog" classname="tests.CatalogTest" time="0.001"/>
  <testcase name="testExceptionRemoveMotorbike" classname="tests.CatalogTest" time="0.0"/>
  <testcase name="testNullArrayList" classname="tests.CatalogTest" time="0.0"/>
</testsuite>